# JRE version: OpenJDK Runtime Environment (8.0) (build 1.8.0-25-microsoft-b00)
# Java VM: OpenJDK 64-Bit Server VM (25.71-b00 mixed mode windows-amd64 compressed oops)
Heap:
 PSYoungGen      total 140800K, used 139782K [0x00000000eab00000, 0x00000000f3f00000, 0x0000000100000000)
  eden space 130048K, 99% used [0x00000000eab00000,0x00000000f29099d8,0x00000000f2a00000)
  from space 10752K, 99% used [0x00000000f2a00000,0x00000000f3478080,0x00000000f3480000)
  to   space 10752K, 0% used [0x00000000f3480000,0x00000000f3480000,0x00000000f3f00000)
 ParOldGen       total 173568K, used 106662K [0x00000000c0000000, 0x00000000ca980000, 0x00000000eab00000)
  object space 173568K, 61% used [0x00000000c0000000,0x00000000c6829890,0x00000000ca980000)
 Metaspace       used 11347K, capacity 12376K, committed 12672K, reserved 1060864K
  class space    used 1378K, capacity 1582K, committed 1664K, reserved 1048576K
GC Heap History (10 events):
Event: 0.675 GC heap before
{Heap before GC invocations=1 (full 0):
 PSYoungGen      total 75776K, used 65024K [0x00000000eab00000, 0x00000000eff80000, 0x0000000100000000)
  eden space 65024K, 100% used [0x00000000eab00000,0x00000000eea80000,0x00000000eea80000)
  from space 10752K, 0% used [0x00000000ef500000,0x00000000ef500000,0x00000000eff80000)
  to   space 10752K, 0% used [0x00000000eea80000,0x00000000eea80000,0x00000000ef500000)
 ParOldGen       total 173568K, used 0K [0x00000000c0000000, 0x00000000ca980000, 0x00000000eab00000)
  object space 173568K, 0% used [0x00000000c0000000,0x00000000c0000000,0x00000000ca980000)
 Metaspace       used 7479K, capacity 7856K, committed 8064K, reserved 1056768K
  class space    used 919K, capacity 1040K, committed 1152K, reserved 1048576K
Event: 0.689 GC heap after
Heap after GC invocations=1 (full 0):
 PSYoungGen      total 75776K, used 10720K [0x00000000eab00000, 0x00000000f3f00000, 0x0000000100000000)
  eden space 65024K, 0% used [0x00000000eab00000,0x00000000eab00000,0x00000000eea80000)
  from space 10752K, 99% used [0x00000000eea80000,0x00000000ef4f81a0,0x00000000ef500000)
  to   space 10752K, 0% used [0x00000000f3480000,0x00000000f3480000,0x00000000f3f00000)
 ParOldGen       total 173568K, used 7725K [0x00000000c0000000, 0x00000000ca980000, 0x00000000eab00000)
  object space 173568K, 4% used [0x00000000c0000000,0x00000000c078b5f0,0x00000000ca980000)
 Metaspace       used 7479K, capacity 7856K, committed 8064K, reserved 1056768K
  class space    used 919K, capacity 1040K, committed 1152K, reserved 1048576K
}
Event: 1.033 GC heap before
{Heap before GC invocations=2 (full 0):
 PSYoungGen      total 75776K, used 75744K [0x00000000eab00000, 0x00000000f3f00000, 0x0000000100000000)
  eden space 65024K, 100% used [0x00000000eab00000,0x00000000eea80000,0x00000000eea80000)
  from space 10752K, 99% used [0x00000000eea80000,0x00000000ef4f81a0,0x00000000ef500000)
  to   space 10752K, 0% used [0x00000000f3480000,0x00000000f3480000,0x00000000f3f00000)
 ParOldGen       total 173568K, used 7725K [0x00000000c0000000, 0x00000000ca980000, 0x00000000eab00000)
  object space 173568K, 4% used [0x00000000c0000000,0x00000000c078b5f0,0x00000000ca980000)
 Metaspace       used 8664K, capacity 9208K, committed 9472K, reserved 1056768K
  class space    used 1062K, capacity 1202K, committed 1280K, reserved 1048576K
Event: 1.055 GC heap after
Heap after GC invocations=2 (full 0):
 PSYoungGen      total 140800K, used 10721K [0x00000000eab00000, 0x00000000f3f00000, 0x0000000100000000)
  eden space 130048K, 0% used [0x00000000eab00000,0x00000000eab00000,0x00000000f2a00000)
  from space 10752K, 99% used [0x00000000f3480000,0x00000000f3ef87b0,0x00000000f3f00000)
  to   space 10752K, 0% used [0x00000000f2a00000,0x00000000f2a00000,0x00000000f3480000)
 ParOldGen       total 173568K, used 27363K [0x00000000c0000000, 0x00000000ca980000, 0x00000000eab00000)
  object space 173568K, 15% used [0x00000000c0000000,0x00000000c1ab8df8,0x00000000ca980000)
 Metaspace       used 8664K, capacity 9208K, committed 9472K, reserved 1056768K
  class space    used 1062K, capacity 1202K, committed 1280K, reserved 1048576K
}
Event: 1.617 GC heap before
{Heap before GC invocations=3 (full 0):
 PSYoungGen      total 140800K, used 140769K [0x00000000eab00000, 0x00000000f3f00000, 0x0000000100000000)
  eden space 130048K, 100% used [0x00000000eab00000,0x00000000f2a00000,0x00000000f2a00000)
  from space 10752K, 99% used [0x00000000f3480000,0x00000000f3ef87b0,0x00000000f3f00000)
  to   space 10752K, 0% used [0x00000000f2a00000,0x00000000f2a00000,0x00000000f3480000)
 ParOldGen       total 173568K, used 27363K [0x00000000c0000000, 0x00000000ca980000, 0x00000000eab00000)
  object space 173568K, 15% used [0x00000000c0000000,0x00000000c1ab8df8,0x00000000ca980000)
 Metaspace       used 8826K, capacity 9434K, committed 9728K, reserved 1058816K
  class space    used 1075K, capacity 1207K, committed 1280K, reserved 1048576K
Event: 1.663 GC heap after
Heap after GC invocations=3 (full 0):
 PSYoungGen      total 140800K, used 10720K [0x00000000eab00000, 0x00000000f3f00000, 0x0000000100000000)
  eden space 130048K, 0% used [0x00000000eab00000,0x00000000eab00000,0x00000000f2a00000)
  from space 10752K, 99% used [0x00000000f2a00000,0x00000000f3478070,0x00000000f3480000)
  to   space 10752K, 0% used [0x00000000f3480000,0x00000000f3480000,0x00000000f3f00000)
 ParOldGen       total 173568K, used 56945K [0x00000000c0000000, 0x00000000ca980000, 0x00000000eab00000)
  object space 173568K, 32% used [0x00000000c0000000,0x00000000c379c588,0x00000000ca980000)
 Metaspace       used 8826K, capacity 9434K, committed 9728K, reserved 1058816K
  class space    used 1075K, capacity 1207K, committed 1280K, reserved 1048576K
}
Event: 2.228 GC heap before
{Heap before GC invocations=4 (full 0):
 PSYoungGen      total 140800K, used 140768K [0x00000000eab00000, 0x00000000f3f00000, 0x0000000100000000)
  eden space 130048K, 100% used [0x00000000eab00000,0x00000000f2a00000,0x00000000f2a00000)
  from space 10752K, 99% used [0x00000000f2a00000,0x00000000f3478070,0x00000000f3480000)
  to   space 10752K, 0% used [0x00000000f3480000,0x00000000f3480000,0x00000000f3f00000)
 ParOldGen       total 173568K, used 56945K [0x00000000c0000000, 0x00000000ca980000, 0x00000000eab00000)
  object space 173568K, 32% used [0x00000000c0000000,0x00000000c379c588,0x00000000ca980000)
 Metaspace       used 8831K, capacity 9434K, committed 9728K, reserved 1058816K
  class space    used 1075K, capacity 1207K, committed 1280K, reserved 1048576K
Event: 2.272 GC heap after
Heap after GC invocations=4 (full 0):
 PSYoungGen      total 140800K, used 10720K [0x00000000eab00000, 0x00000000f3f00000, 0x0000000100000000)
  eden space 130048K, 0% used [0x00000000eab00000,0x00000000eab00000,0x00000000f2a00000)
  from space 10752K, 99% used [0x00000000f3480000,0x00000000f3ef8070,0x00000000f3f00000)
  to   space 10752K, 0% used [0x00000000f2a00000,0x00000000f2a00000,0x00000000f3480000)
 ParOldGen       total 173568K, used 87066K [0x00000000c0000000, 0x00000000ca980000, 0x00000000eab00000)
  object space 173568K, 50% used [0x00000000c0000000,0x00000000c55069a8,0x00000000ca980000)
 Metaspace       used 8831K, capacity 9434K, committed 9728K, reserved 1058816K
  class space    used 1075K, capacity 1207K, committed 1280K, reserved 1048576K
}
Event: 2.883 GC heap before
{Heap before GC invocations=5 (full 0):
 PSYoungGen      total 140800K, used 140768K [0x00000000eab00000, 0x00000000f3f00000, 0x0000000100000000)
  eden space 130048K, 100% used [0x00000000eab00000,0x00000000f2a00000,0x00000000f2a00000)
  from space 10752K, 99% used [0x00000000f3480000,0x00000000f3ef8070,0x00000000f3f00000)
  to   space 10752K, 0% used [0x00000000f2a00000,0x00000000f2a00000,0x00000000f3480000)
 ParOldGen       total 173568K, used 87066K [0x00000000c0000000, 0x00000000ca980000, 0x00000000eab00000)
  object space 173568K, 50% used [0x00000000c0000000,0x00000000c55069a8,0x00000000ca980000)
 Metaspace       used 10489K, capacity 11260K, committed 11520K, reserved 1058816K
  class space    used 1281K, capacity 1442K, committed 1536K, reserved 1048576K
Event: 2.911 GC heap after
Heap after GC invocations=5 (full 0):
 PSYoungGen      total 140800K, used 10720K [0x00000000eab00000, 0x00000000f3f00000, 0x0000000100000000)
  eden space 130048K, 0% used [0x00000000eab00000,0x00000000eab00000,0x00000000f2a00000)
  from space 10752K, 99% used [0x00000000f2a00000,0x00000000f3478080,0x00000000f3480000)
  to   space 10752K, 0% used [0x00000000f3480000,0x00000000f3480000,0x00000000f3f00000)
 ParOldGen       total 173568K, used 106662K [0x00000000c0000000, 0x00000000ca980000, 0x00000000eab00000)
  object space 173568K, 61% used [0x00000000c0000000,0x00000000c6829890,0x00000000ca980000)
 Metaspace       used 10489K, capacity 11260K, committed 11520K, reserved 1058816K
  class space    used 1281K, capacity 1442K, committed 1536K, reserved 1048576K
}

