# JRE version: OpenJDK Runtime Environment (8.0) (build 1.8.0-25-microsoft-b00)
# Java VM: OpenJDK 64-Bit Server VM (25.71-b00 mixed mode windows-amd64 compressed oops)
Heap:
 PSYoungGen      total 181248K, used 10059K [0x00000000eab00000, 0x0000000100000000, 0x0000000100000000)
  eden space 178176K, 4% used [0x00000000eab00000,0x00000000eb202c00,0x00000000f5900000)
  from space 3072K, 93% used [0x00000000f5900000,0x00000000f5bd0010,0x00000000f5c00000)
  to   space 86528K, 0% used [0x00000000fab80000,0x00000000fab80000,0x0000000100000000)
 ParOldGen       total 261632K, used 115136K [0x00000000c0000000, 0x00000000cff80000, 0x00000000eab00000)
  object space 261632K, 44% used [0x00000000c0000000,0x00000000c7070168,0x00000000cff80000)
 Metaspace       used 19048K, capacity 20922K, committed 21632K, reserved 1069056K
  class space    used 2360K, capacity 2719K, committed 2944K, reserved 1048576K
GC Heap History (10 events):
Event: 7.587 GC heap before
{Heap before GC invocations=8 (full 0):
 PSYoungGen      total 285184K, used 285182K [0x00000000eab00000, 0x0000000100000000, 0x0000000100000000)
  eden space 221184K, 100% used [0x00000000eab00000,0x00000000f8300000,0x00000000f8300000)
  from space 64000K, 99% used [0x00000000f8300000,0x00000000fc17fa60,0x00000000fc180000)
  to   space 64000K, 0% used [0x00000000fc180000,0x00000000fc180000,0x0000000100000000)
 ParOldGen       total 173568K, used 128254K [0x00000000c0000000, 0x00000000ca980000, 0x00000000eab00000)
  object space 173568K, 73% used [0x00000000c0000000,0x00000000c7d3fbc8,0x00000000ca980000)
 Metaspace       used 18520K, capacity 20732K, committed 20864K, reserved 1067008K
  class space    used 2400K, capacity 2826K, committed 2944K, reserved 1048576K
Event: 7.668 GC heap after
Heap after GC invocations=8 (full 0):
 PSYoungGen      total 254464K, used 58082K [0x00000000eab00000, 0x0000000100000000, 0x0000000100000000)
  eden space 190464K, 0% used [0x00000000eab00000,0x00000000eab00000,0x00000000f6500000)
  from space 64000K, 90% used [0x00000000fc180000,0x00000000ffa38930,0x0000000100000000)
  to   space 79360K, 0% used [0x00000000f6500000,0x00000000f6500000,0x00000000fb280000)
 ParOldGen       total 173568K, used 136239K [0x00000000c0000000, 0x00000000ca980000, 0x00000000eab00000)
  object space 173568K, 78% used [0x00000000c0000000,0x00000000c850bc78,0x00000000ca980000)
 Metaspace       used 18520K, capacity 20732K, committed 20864K, reserved 1067008K
  class space    used 2400K, capacity 2826K, committed 2944K, reserved 1048576K
}
Event: 7.668 GC heap before
{Heap before GC invocations=9 (full 1):
 PSYoungGen      total 254464K, used 58082K [0x00000000eab00000, 0x0000000100000000, 0x0000000100000000)
  eden space 190464K, 0% used [0x00000000eab00000,0x00000000eab00000,0x00000000f6500000)
  from space 64000K, 90% used [0x00000000fc180000,0x00000000ffa38930,0x0000000100000000)
  to   space 79360K, 0% used [0x00000000f6500000,0x00000000f6500000,0x00000000fb280000)
 ParOldGen       total 173568K, used 136239K [0x00000000c0000000, 0x00000000ca980000, 0x00000000eab00000)
  object space 173568K, 78% used [0x00000000c0000000,0x00000000c850bc78,0x00000000ca980000)
 Metaspace       used 18520K, capacity 20732K, committed 20864K, reserved 1067008K
  class space    used 2400K, capacity 2826K, committed 2944K, reserved 1048576K
Event: 8.259 GC heap after
Heap after GC invocations=9 (full 1):
 PSYoungGen      total 254464K, used 0K [0x00000000eab00000, 0x0000000100000000, 0x0000000100000000)
  eden space 190464K, 0% used [0x00000000eab00000,0x00000000eab00000,0x00000000f6500000)
  from space 64000K, 0% used [0x00000000fc180000,0x00000000fc180000,0x0000000100000000)
  to   space 79360K, 0% used [0x00000000f6500000,0x00000000f6500000,0x00000000fb280000)
 ParOldGen       total 261632K, used 115136K [0x00000000c0000000, 0x00000000cff80000, 0x00000000eab00000)
  object space 261632K, 44% used [0x00000000c0000000,0x00000000c7070168,0x00000000cff80000)
 Metaspace       used 18282K, capacity 20142K, committed 20864K, reserved 1067008K
  class space    used 2314K, capacity 2675K, committed 2944K, reserved 1048576K
}
Event: 8.809 GC heap before
{Heap before GC invocations=10 (full 1):
 PSYoungGen      total 254464K, used 190464K [0x00000000eab00000, 0x0000000100000000, 0x0000000100000000)
  eden space 190464K, 100% used [0x00000000eab00000,0x00000000f6500000,0x00000000f6500000)
  from space 64000K, 0% used [0x00000000fc180000,0x00000000fc180000,0x0000000100000000)
  to   space 79360K, 0% used [0x00000000f6500000,0x00000000f6500000,0x00000000fb280000)
 ParOldGen       total 261632K, used 115136K [0x00000000c0000000, 0x00000000cff80000, 0x00000000eab00000)
  object space 261632K, 44% used [0x00000000c0000000,0x00000000c7070168,0x00000000cff80000)
 Metaspace       used 18731K, capacity 20640K, committed 21376K, reserved 1067008K
  class space    used 2339K, capacity 2684K, committed 2944K, reserved 1048576K
Event: 8.817 GC heap after
Heap after GC invocations=10 (full 1):
 PSYoungGen      total 192000K, used 1504K [0x00000000eab00000, 0x0000000100000000, 0x0000000100000000)
  eden space 190464K, 0% used [0x00000000eab00000,0x00000000eab00000,0x00000000f6500000)
  from space 1536K, 97% used [0x00000000f6500000,0x00000000f6678010,0x00000000f6680000)
  to   space 83456K, 0% used [0x00000000fae80000,0x00000000fae80000,0x0000000100000000)
 ParOldGen       total 261632K, used 115136K [0x00000000c0000000, 0x00000000cff80000, 0x00000000eab00000)
  object space 261632K, 44% used [0x00000000c0000000,0x00000000c7070168,0x00000000cff80000)
 Metaspace       used 18731K, capacity 20640K, committed 21376K, reserved 1067008K
  class space    used 2339K, capacity 2684K, committed 2944K, reserved 1048576K
}
Event: 9.309 GC heap before
{Heap before GC invocations=11 (full 1):
 PSYoungGen      total 192000K, used 191968K [0x00000000eab00000, 0x0000000100000000, 0x0000000100000000)
  eden space 190464K, 100% used [0x00000000eab00000,0x00000000f6500000,0x00000000f6500000)
  from space 1536K, 97% used [0x00000000f6500000,0x00000000f6678010,0x00000000f6680000)
  to   space 83456K, 0% used [0x00000000fae80000,0x00000000fae80000,0x0000000100000000)
 ParOldGen       total 261632K, used 115136K [0x00000000c0000000, 0x00000000cff80000, 0x00000000eab00000)
  object space 261632K, 44% used [0x00000000c0000000,0x00000000c7070168,0x00000000cff80000)
 Metaspace       used 18940K, capacity 20806K, committed 21632K, reserved 1069056K
  class space    used 2345K, capacity 2687K, committed 2944K, reserved 1048576K
Event: 9.321 GC heap after
Heap after GC invocations=11 (full 1):
 PSYoungGen      total 261632K, used 2272K [0x00000000eab00000, 0x0000000100000000, 0x0000000100000000)
  eden space 178176K, 0% used [0x00000000eab00000,0x00000000eab00000,0x00000000f5900000)
  from space 83456K, 2% used [0x00000000fae80000,0x00000000fb0b8010,0x0000000100000000)
  to   space 85504K, 0% used [0x00000000f5900000,0x00000000f5900000,0x00000000fac80000)
 ParOldGen       total 261632K, used 115136K [0x00000000c0000000, 0x00000000cff80000, 0x00000000eab00000)
  object space 261632K, 44% used [0x00000000c0000000,0x00000000c7070168,0x00000000cff80000)
 Metaspace       used 18940K, capacity 20806K, committed 21632K, reserved 1069056K
  class space    used 2345K, capacity 2687K, committed 2944K, reserved 1048576K
}
Event: 9.625 GC heap before
{Heap before GC invocations=12 (full 1):
 PSYoungGen      total 261632K, used 180448K [0x00000000eab00000, 0x0000000100000000, 0x0000000100000000)
  eden space 178176K, 100% used [0x00000000eab00000,0x00000000f5900000,0x00000000f5900000)
  from space 83456K, 2% used [0x00000000fae80000,0x00000000fb0b8010,0x0000000100000000)
  to   space 85504K, 0% used [0x00000000f5900000,0x00000000f5900000,0x00000000fac80000)
 ParOldGen       total 261632K, used 115136K [0x00000000c0000000, 0x00000000cff80000, 0x00000000eab00000)
  object space 261632K, 44% used [0x00000000c0000000,0x00000000c7070168,0x00000000cff80000)
 Metaspace       used 19047K, capacity 20922K, committed 21632K, reserved 1069056K
  class space    used 2360K, capacity 2719K, committed 2944K, reserved 1048576K
Event: 9.639 GC heap after
Heap after GC invocations=12 (full 1):
 PSYoungGen      total 181248K, used 2880K [0x00000000eab00000, 0x0000000100000000, 0x0000000100000000)
  eden space 178176K, 0% used [0x00000000eab00000,0x00000000eab00000,0x00000000f5900000)
  from space 3072K, 93% used [0x00000000f5900000,0x00000000f5bd0010,0x00000000f5c00000)
  to   space 86528K, 0% used [0x00000000fab80000,0x00000000fab80000,0x0000000100000000)
 ParOldGen       total 261632K, used 115136K [0x00000000c0000000, 0x00000000cff80000, 0x00000000eab00000)
  object space 261632K, 44% used [0x00000000c0000000,0x00000000c7070168,0x00000000cff80000)
 Metaspace       used 19047K, capacity 20922K, committed 21632K, reserved 1069056K
  class space    used 2360K, capacity 2719K, committed 2944K, reserved 1048576K
}

