# JRE version: OpenJDK Runtime Environment (8.0) (build 1.8.0-25-microsoft-b00)
# Java VM: OpenJDK 64-Bit Server VM (25.71-b00 mixed mode windows-amd64 compressed oops)
Heap:
 PSYoungGen      total 24576K, used 17392K [0x000000076b600000, 0x000000076da00000, 0x00000007c0000000)
  eden space 21504K, 80% used [0x000000076b600000,0x000000076c6fc1e0,0x000000076cb00000)
  from space 3072K, 0% used [0x000000076cb00000,0x000000076cb00000,0x000000076ce00000)
  to   space 5632K, 0% used [0x000000076d480000,0x000000076d480000,0x000000076da00000)
 ParOldGen       total 14336K, used 14033K [0x00000006c2200000, 0x00000006c3000000, 0x000000076b600000)
  object space 14336K, 97% used [0x00000006c2200000,0x00000006c2fb4740,0x00000006c3000000)
 Metaspace       used 9669K, capacity 10260K, committed 10496K, reserved 1058816K
  class space    used 967K, capacity 976K, committed 1024K, reserved 1048576K
GC Heap History (10 events):
Event: 4.394 GC heap before
{Heap before GC invocations=31 (full 22):
 PSYoungGen      total 24576K, used 21504K [0x000000076b600000, 0x000000076da00000, 0x00000007c0000000)
  eden space 21504K, 100% used [0x000000076b600000,0x000000076cb00000,0x000000076cb00000)
  from space 3072K, 0% used [0x000000076cb00000,0x000000076cb00000,0x000000076ce00000)
  to   space 5632K, 0% used [0x000000076d480000,0x000000076d480000,0x000000076da00000)
 ParOldGen       total 14336K, used 13835K [0x00000006c2200000, 0x00000006c3000000, 0x000000076b600000)
  object space 14336K, 96% used [0x00000006c2200000,0x00000006c2f82d50,0x00000006c3000000)
 Metaspace       used 9205K, capacity 9876K, committed 9984K, reserved 1058816K
  class space    used 966K, capacity 976K, committed 1024K, reserved 1048576K
Event: 4.457 GC heap after
Heap after GC invocations=31 (full 22):
 PSYoungGen      total 24576K, used 13920K [0x000000076b600000, 0x000000076da00000, 0x00000007c0000000)
  eden space 21504K, 64% used [0x000000076b600000,0x000000076c398238,0x000000076cb00000)
  from space 3072K, 0% used [0x000000076cb00000,0x000000076cb00000,0x000000076ce00000)
  to   space 5632K, 0% used [0x000000076d480000,0x000000076d480000,0x000000076da00000)
 ParOldGen       total 14336K, used 14223K [0x00000006c2200000, 0x00000006c3000000, 0x000000076b600000)
  object space 14336K, 99% used [0x00000006c2200000,0x00000006c2fe3c30,0x00000006c3000000)
 Metaspace       used 9205K, capacity 9876K, committed 9984K, reserved 1058816K
  class space    used 966K, capacity 976K, committed 1024K, reserved 1048576K
}
Event: 4.692 GC heap before
{Heap before GC invocations=32 (full 23):
 PSYoungGen      total 24576K, used 21504K [0x000000076b600000, 0x000000076da00000, 0x00000007c0000000)
  eden space 21504K, 100% used [0x000000076b600000,0x000000076cb00000,0x000000076cb00000)
  from space 3072K, 0% used [0x000000076cb00000,0x000000076cb00000,0x000000076ce00000)
  to   space 5632K, 0% used [0x000000076d480000,0x000000076d480000,0x000000076da00000)
 ParOldGen       total 14336K, used 14223K [0x00000006c2200000, 0x00000006c3000000, 0x000000076b600000)
  object space 14336K, 99% used [0x00000006c2200000,0x00000006c2fe3c30,0x00000006c3000000)
 Metaspace       used 9381K, capacity 10004K, committed 10240K, reserved 1058816K
  class space    used 967K, capacity 976K, committed 1024K, reserved 1048576K
Event: 4.888 GC heap after
Heap after GC invocations=32 (full 23):
 PSYoungGen      total 24576K, used 14266K [0x000000076b600000, 0x000000076da00000, 0x00000007c0000000)
  eden space 21504K, 66% used [0x000000076b600000,0x000000076c3ee878,0x000000076cb00000)
  from space 3072K, 0% used [0x000000076cb00000,0x000000076cb00000,0x000000076ce00000)
  to   space 5632K, 0% used [0x000000076d480000,0x000000076d480000,0x000000076da00000)
 ParOldGen       total 14336K, used 14006K [0x00000006c2200000, 0x00000006c3000000, 0x000000076b600000)
  object space 14336K, 97% used [0x00000006c2200000,0x00000006c2fada10,0x00000006c3000000)
 Metaspace       used 9381K, capacity 10004K, committed 10240K, reserved 1058816K
  class space    used 967K, capacity 976K, committed 1024K, reserved 1048576K
}
Event: 5.029 GC heap before
{Heap before GC invocations=33 (full 24):
 PSYoungGen      total 24576K, used 21504K [0x000000076b600000, 0x000000076da00000, 0x00000007c0000000)
  eden space 21504K, 100% used [0x000000076b600000,0x000000076cb00000,0x000000076cb00000)
  from space 3072K, 0% used [0x000000076cb00000,0x000000076cb00000,0x000000076ce00000)
  to   space 5632K, 0% used [0x000000076d480000,0x000000076d480000,0x000000076da00000)
 ParOldGen       total 14336K, used 14006K [0x00000006c2200000, 0x00000006c3000000, 0x000000076b600000)
  object space 14336K, 97% used [0x00000006c2200000,0x00000006c2fada10,0x00000006c3000000)
 Metaspace       used 9541K, capacity 10132K, committed 10240K, reserved 1058816K
  class space    used 967K, capacity 976K, committed 1024K, reserved 1048576K
Event: 5.181 GC heap after
Heap after GC invocations=33 (full 24):
 PSYoungGen      total 24576K, used 14535K [0x000000076b600000, 0x000000076da00000, 0x00000007c0000000)
  eden space 21504K, 67% used [0x000000076b600000,0x000000076c431cb8,0x000000076cb00000)
  from space 3072K, 0% used [0x000000076cb00000,0x000000076cb00000,0x000000076ce00000)
  to   space 5632K, 0% used [0x000000076d480000,0x000000076d480000,0x000000076da00000)
 ParOldGen       total 14336K, used 14328K [0x00000006c2200000, 0x00000006c3000000, 0x000000076b600000)
  object space 14336K, 99% used [0x00000006c2200000,0x00000006c2ffe098,0x00000006c3000000)
 Metaspace       used 9541K, capacity 10132K, committed 10240K, reserved 1058816K
  class space    used 967K, capacity 976K, committed 1024K, reserved 1048576K
}
Event: 5.294 GC heap before
{Heap before GC invocations=34 (full 25):
 PSYoungGen      total 24576K, used 21504K [0x000000076b600000, 0x000000076da00000, 0x00000007c0000000)
  eden space 21504K, 100% used [0x000000076b600000,0x000000076cb00000,0x000000076cb00000)
  from space 3072K, 0% used [0x000000076cb00000,0x000000076cb00000,0x000000076ce00000)
  to   space 5632K, 0% used [0x000000076d480000,0x000000076d480000,0x000000076da00000)
 ParOldGen       total 14336K, used 14328K [0x00000006c2200000, 0x00000006c3000000, 0x000000076b600000)
  object space 14336K, 99% used [0x00000006c2200000,0x00000006c2ffe098,0x00000006c3000000)
 Metaspace       used 9608K, capacity 10196K, committed 10496K, reserved 1058816K
  class space    used 967K, capacity 976K, committed 1024K, reserved 1048576K
Event: 5.365 GC heap after
Heap after GC invocations=34 (full 25):
 PSYoungGen      total 24576K, used 15307K [0x000000076b600000, 0x000000076da00000, 0x00000007c0000000)
  eden space 21504K, 71% used [0x000000076b600000,0x000000076c4f2fe0,0x000000076cb00000)
  from space 3072K, 0% used [0x000000076cb00000,0x000000076cb00000,0x000000076ce00000)
  to   space 5632K, 0% used [0x000000076d480000,0x000000076d480000,0x000000076da00000)
 ParOldGen       total 14336K, used 14204K [0x00000006c2200000, 0x00000006c3000000, 0x000000076b600000)
  object space 14336K, 99% used [0x00000006c2200000,0x00000006c2fdf158,0x00000006c3000000)
 Metaspace       used 9608K, capacity 10196K, committed 10496K, reserved 1058816K
  class space    used 967K, capacity 976K, committed 1024K, reserved 1048576K
}
Event: 5.464 GC heap before
{Heap before GC invocations=35 (full 26):
 PSYoungGen      total 24576K, used 21504K [0x000000076b600000, 0x000000076da00000, 0x00000007c0000000)
  eden space 21504K, 100% used [0x000000076b600000,0x000000076cb00000,0x000000076cb00000)
  from space 3072K, 0% used [0x000000076cb00000,0x000000076cb00000,0x000000076ce00000)
  to   space 5632K, 0% used [0x000000076d480000,0x000000076d480000,0x000000076da00000)
 ParOldGen       total 14336K, used 14204K [0x00000006c2200000, 0x00000006c3000000, 0x000000076b600000)
  object space 14336K, 99% used [0x00000006c2200000,0x00000006c2fdf158,0x00000006c3000000)
 Metaspace       used 9661K, capacity 10260K, committed 10496K, reserved 1058816K
  class space    used 967K, capacity 976K, committed 1024K, reserved 1048576K
Event: 5.563 GC heap after
Heap after GC invocations=35 (full 26):
 PSYoungGen      total 24576K, used 15934K [0x000000076b600000, 0x000000076da00000, 0x00000007c0000000)
  eden space 21504K, 74% used [0x000000076b600000,0x000000076c58f8c8,0x000000076cb00000)
  from space 3072K, 0% used [0x000000076cb00000,0x000000076cb00000,0x000000076ce00000)
  to   space 5632K, 0% used [0x000000076d480000,0x000000076d480000,0x000000076da00000)
 ParOldGen       total 14336K, used 14033K [0x00000006c2200000, 0x00000006c3000000, 0x000000076b600000)
  object space 14336K, 97% used [0x00000006c2200000,0x00000006c2fb4740,0x00000006c3000000)
 Metaspace       used 9661K, capacity 10260K, committed 10496K, reserved 1058816K
  class space    used 967K, capacity 976K, committed 1024K, reserved 1048576K
}

